<?xml version="1.0" encoding="UTF-8"?>
<!-- Generated by org.testng.reporters.JUnitReportReporter -->
<testsuite hostname="Vineelas-DELL" failures="0" tests="1"
	name="com.myassignment.testRunners.validateSearchTestRunner" time="6.851"
	errors="0" timestamp="2024-01-31T14:09:37 EST" skipped="0">
	<testcase classname="com.myassignment.testRunners.validateSearchTestRunner"
		name="runScenario" time="6.851" />
</testsuite> <!--
com.myassignment.testRunners.validateSearchTestRunner -->
